<?xml version="1.0" encoding="UTF-8"?>
<!-- Generated by org.testng.reporters.JUnitXMLReporter -->
<testsuite ignored="0" hostname="192.168.0.129" failures="0" tests="9" name="Surefire test" time="6.82" errors="0" timestamp="16 Mar 2023 09:22:43 GMT">
  <testcase classname="com.qa1.api.gorest.tests.GetUserTest" name="getAllUserTest" time="1.93"/>
  <testcase classname="com.qa1.api.gorest.tests.GetUserTest" name="getCallQueryParamTest" time="0.515"/>
  <testcase classname="com.qa1.api.gorest.tests.postBookingAPITest" name="postAPITest" time="1.531"/>
  <testcase classname="com.qa1.api.gorest.tests.CreateUserTest" name="createUserTest" time="0.373"/>
  <testcase classname="com.qa1.api.gorest.tests.CreateUserTest" name="createUserTest" time="0.275"/>
  <testcase classname="com.qa1.api.gorest.tests.CreateUserTest" name="createUserTest" time="0.379"/>
  <testcase classname="com.qa1.api.gorest.tests.CreateUserTest" name="createUserTest" time="0.383"/>
  <testcase classname="com.qa1.api.gorest.tests.CreateUserTest" name="createUserTest" time="0.352"/>
  <testcase classname="com.qa1.api.gorest.tests.CreateUserTest" name="createUserTest" time="0.563"/>
</testsuite> <!-- Surefire test -->
