<?xml version="1.0" encoding="UTF-8"?>
<testsuite xmlns:xsi="http://www.w3.org/2001/XMLSchema-instance" xsi:noNamespaceSchemaLocation="https://maven.apache.org/surefire/maven-surefire-plugin/xsd/surefire-test-report.xsd" name="TestSuite" time="7.207" tests="9" errors="0" skipped="0" failures="0">
  <properties>
[...]
</properties>
  <testcase name="getAllUserTest" classname="com.qa1.api.gorest.tests.GetUserTest" time="1.93"/>
  <testcase name="getCallQueryParamTest" classname="com.qa1.api.gorest.tests.GetUserTest" time="0.514"/>
  <testcase name="postAPITest" classname="com.qa1.api.gorest.tests.postBookingAPITest" time="1.531"/>
  <testcase name="createUserTest" classname="com.qa1.api.gorest.tests.CreateUserTest" time="0.372"/>
  <testcase name="createUserTest" classname="com.qa1.api.gorest.tests.CreateUserTest" time="0.275"/>
  <testcase name="createUserTest" classname="com.qa1.api.gorest.tests.CreateUserTest" time="0.379"/>
  <testcase name="createUserTest" classname="com.qa1.api.gorest.tests.CreateUserTest" time="0.383"/>
  <testcase name="createUserTest" classname="com.qa1.api.gorest.tests.CreateUserTest" time="0.353"/>
  <testcase name="createUserTest" classname="com.qa1.api.gorest.tests.CreateUserTest" time="0.563"/>
</testsuite>